<?xml version="1.0" encoding="UTF-8"?>
<!-- Generated by org.testng.reporters.JUnitReportReporter -->
<testsuite skipped="0" hostname="TRNROOM10-30" name="com.amazon.executor.TestExecutor" tests="1" failures="0" timestamp="11 Sep 2019 16:44:00 GMT" time="39.399" errors="0">
  <testcase name="testLandingPAndShopByCatgoryage" time="39.399" classname="com.amazon.executor.TestExecutor"/>
</testsuite> <!-- com.amazon.executor.TestExecutor -->
