<?xml version="1.0" encoding="UTF-8"?>
<!-- Generated by org.testng.reporters.JUnitReportReporter -->
<testsuite skipped="0" hostname="TRNROOM10-30" name="com.appium.setup.NewTest2" tests="1" failures="0" timestamp="26 Jul 2019 11:17:18 GMT" time="16.330" errors="0">
  <testcase name="test1" time="16.330" classname="com.appium.setup.NewTest2"/>
</testsuite> <!-- com.appium.setup.NewTest2 -->
